1525595031802	geckodriver	INFO	Listening on 127.0.0.1:49165
1525595034891	geckodriver::marionette	INFO	Starting browser \\?\C:\Program Files (x86)\Mozilla Firefox\firefox.exe with args ["-marionette"]
Unable to read VR Path Registry from C:\Users\Uchenna\AppData\Local\openvr\openvrpaths.vrpath
1525595035458	Marionette	INFO	Enabled via --marionette
Unable to read VR Path Registry from C:\Users\Uchenna\AppData\Local\openvr\openvrpaths.vrpath
Unable to read VR Path Registry from C:\Users\Uchenna\AppData\Local\openvr\openvrpaths.vrpath
Unable to read VR Path Registry from C:\Users\Uchenna\AppData\Local\openvr\openvrpaths.vrpath
Unable to read VR Path Registry from C:\Users\Uchenna\AppData\Local\openvr\openvrpaths.vrpath
1525595037054	Marionette	INFO	Listening on port 49173
1525595038078	Marionette	WARN	TLS certificate errors will be ignored for this session
1525595295904	addons.productaddons	WARN	Failed downloading via XHR, status: 0, reason: error

###!!! [Child][MessageChannel::SendAndWait] Error: Channel error: cannot send/recv

gs ["-marionette"]
Unable to read VR Path Registry from C:\Users\Uchenna\AppData\Local\openvr\openvrpaths.vrpath
1525595238472	Marionette	INFO	Enabled via --marionette
Unable to read VR Path Registry from C:\Users\Uchenna\AppData\Local\openvr\openvrpaths.vrpath
Unable to read VR Path Registry from C:\Users\Uchenna\AppData\Local\openvr\openvrpaths.vrpath
Unable to read VR Path Registry from C:\Users\Uchenna\AppData\Local\openvr\openvrpaths.vrpath
Unable to read VR Path Registry from C:\Users\Uchenna\AppData\Local\openvr\openvrpaths.vrpath
1525595240054	Marionette	INFO	Listening on port 49369
1525595240976	Marionette	WARN	TLS certificate errors will be ignored for this session
Unable to read VR Path Registry from C:\Users\Uchenna\AppData\Local\openvr\openvrpaths.vrpath
[Parent 11476, Gecko_IOThread] WARNING: pipe error: 109: file z:/build/build/src/ipc/chromium/src/chrome/common/ipc_channel_win.cc, line 346
[Child 7660, Chrome_ChildThread] WARNING: pipe error: 109: file z:/build/build/src/ipc/chromium/src/chrome/common/ipc_channel_win.cc, line 346
[Child 7660, Chrome_Ch[Child 11864, Chrome_ChildThread] WARNING: pipe error: 232: file z:/build/build/src/ipc/chromium/src/chrome/common/ipc_channel_win.cc, line 513
[Child 11864, Chrome_ChildThread] WARNING: pipe error: 232: file z:/build/build/src/ipc/chromium/src/chrome/common/ipc_channel_win.cc, line 513
[Child 11864, Chrome_ChildThread] WARNING: pipe error: 232: file z:/build/build/src/ipc/chromium/src/chrome/common/ipc_channel_win.cc, line 513
[Child 11864, Chrome_ChildThread] WARNING: pipe error: 232: file z:/build/build/src/ipc/chromium/src/chrome/common/ipc_channel_win.cc, line 513
[Child 11864, Chrome_ChildThread] WARNING: pipe error: 109: file z:/build/build/src/ipc/chromium/src/chrome/common/ipc_channel_win.cc, line 346
[Child 11864, Chrome_ChildThread] WARNING: pipe error: 232: file z:/build/build/src/ipc/chromium/src/chrome/common/ipc_channel_win.cc, line 513
[Child 11864, Chrome_ChildThread] WARNING: pipe error: 109: file z:/build/build/src/ipc/chromium/src/chrome/common/ipc_channel_win.cc, line 346
[Parent 11476, Gecko_IOThread] WARNING: pipe error: 109: file z:/build/build/src/ipc/chromium/src/chrome/common/ipc_channel_win.cc, line 346

###!!! [Child][MessageChannel::SendAndWait] Error: Channel error: cannot send/recv

1525596606496	geckodriver	INFO	Listening on 127.0.0.1:51452
1525596609586	geckodriver::marionette	INFO	Starting browser \\?\C:\Program Files (x86)\Mozilla Firefox\firefox.exe with args ["-marionette"]
Unable to read VR Path Registry from C:\Users\Uchenna\AppData\Local\openvr\openvrpaths.vrpath
1525596610188	Marionette	INFO	Enabled via --marionette
Unable to read VR Path Registry from C:\Users\Uchenna\AppData\Local\openvr\openvrpaths.vrpath
Unable to read VR Path Registry from C:\Users\Uchenna\AppData\Local\openvr\openvrpaths.vrpath
Unable to read VR Path Registry from C:\Users\Uchenna\AppData\Local\openvr\openvrpaths.vrpath
Unable to read VR Path Registry from C:\Users\Uchenna\AppData\Local\openvr\openvrpaths.vrpath
1525596611760	Marionette	INFO	Listening on port 51465
1525596612760	Marionette	WARN	TLS certificate errors will be ignored for this session
JavaScript error: resource://gre/modules/AutoCompletePopup.jsm, line 118: TypeError: this.openedPopup.closePopup is not a function
JavaScript error: resource://gre/modules/AutoCompletePopup.jsm, line 118: TypeError: this.openedPopup.closePopup is not a function
[Parent 7092, Gecko_IOThread] WARNING: pipe error: 109: file z:/build/build/src/ipc/chromium/src/chrome/common/ipc_channel_win.cc, line 346
[Parent 7092, Gecko_IOThread] WARNING: pipe error: 109: file z:/build/build/src/ipc/chromium/src/chrome/common/ipc_channel_win.cc, line 346

###!!! [Child][MessageChannel::SendAndWait] Error: Channel error: cannot send/recv

h
Unable to read VR Path Registry from C:\Users\Uchenna\AppData\Local\openvr\openvrpaths.vrpath
1525596718942	Marionette	INFO	Listening on port 51599
1525596720458	Marionette	WARN	TLS certificate errors will be ignored for this session

###!!! [Child][MessageChannel::SendAndWait] Error: Channel error: cannot send/recv

1525601612647	geckodriver	INFO	Listening on 127.0.0.1:58198
1525601615753	geckodriver::marionette	INFO	Starting browser \\?\C:\Program Files (x86)\Mozilla Firefox\firefox.exe with args ["-marionette"]
Unable to read VR Path Registry from C:\Users\Uchenna\AppData\Local\openvr\openvrpaths.vrpath
1525601616410	Marionette	INFO	Enabled via --marionette
Unable to read VR Path Registry from C:\Users\Uchenna\AppData\Local\openvr\openvrpaths.vrpath
Unable to read VR Path Registry from C:\Users\Uchenna\AppData\Local\openvr\openvrpaths.vrpath
Unable to read VR Path Registry from C:\Users\Uchenna\AppData\Local\openvr\openvrpaths.vrpath
Unable to read VR Path Registry from C:\Users\Uchenna\AppData\Local\openvr\openvrpaths.vrpath
1525601617954	Marionette	INFO	Listening on port 58210
1525601618908	Marionette	WARN	TLS certificate errors will be ignored for this session
[Parent 11916, Gecko_IOThread] WARNING: pipe error: 109: file z:/build/build/src/ipc/chromium/src/chrome/common/ipc_channel_win.cc, line 346
[Child 12392, Chrome_ChildThread] WARNING: pipe error: 109: file z:/build/build/src/ipc/chromium/src/chrome/common/ipc_channel_win.cc, line 346
[Child 8088, Chrome_ChildThread] WARNING: pipe error: 109: file z:/build/build/src/ipc/chromium/src/chrome/common/ipc_channel_win.cc, line 346
[Child 8088, Chrome_C
###!!! [Child][MessageChannel::SendAndWait] Error: Channel error: cannot send/recv


Unable to read VR Path Registry from C:\Users\Uchenna\AppData\Local\openvr\openvrpaths.vrpath
Unable to read VR Path Registry from C:\Users\Uchenna\AppData\Local\openvr\openvrpaths.vrpath
1525601983672	Marionette	INFO	Listening on port 58760
1525601983810	Marionette	WARN	TLS certificate errors will be ignored for this session
[Child 5672, Chrome_ChildThread] WARNING: pipe error: 109: file z:/build/build/src/ipc/chromium/src/chrome/common/ipc_channel_win.cc, line 346
[Child 12156, Chrome_ChildThread] WARNING: pipe error: 109: file z:/build/build/src/ipc/chromium/src/chrome/common/ipc_channel_win.cc, line 346
[Child 12156, Chrome_ChildThread] WA
###!!! [Child][MessageChannel::SendAndWait] Error: Channel error: cannot send/recv

\Local\openvr\openvrpaths.vrpath
Unable to read VR Path Registry from C:\Users\Uchenna\AppData\Local\openvr\openvrpaths.vrpath
Unable to read VR Path Registry from C:\Users\Uchenna\AppData\Local\openvr\openvrpaths.vrpath
Unable to read VR Path Registry from C:\Users\Uchenna\AppData\Local\openvr\openvrpaths.vrpath
1525602428606	Marionette	INFO	Listening on port 59466
1525602429496	Marionette	WARN	TLS certificate errors will be ignored for this session
Unable to read VR Path Registry from C:\Users\Uchenna\AppData\Local\openvr\openvrpaths.vrpath
[Parent 14084, Gecko_IOThread] WARNING: pipe error: 109: file z:/build/build/src/ipc/chromium/src/chrome/common/ipc_channel_win.cc, line 346
[Parent 14084, Gecko_IOThread] WARNING: pipe error: 109: file z:/build/build/src/ipc/chromium/src/chrome/common/ipc_channel_win.cc, line 346
[Child 13412, Chrome_ChildThread] WARNING: pipe error: 109: file z:/build/build/src/ipc/chromium/src/chrome/common/ipc_channel_win.cc, line 346
[Child 13412, Chrome_ChildThread] WARNING: pipe error: 109: file z:/build/build/src/ipc/chromium/src/chrome/common/ipc_c[Parent 14084, Gecko_IOThread] WARNING: pipe error: 109: file z:/build/build/src/ipc/chromium/src/chrome/common/ipc_channel_win.cc, line 346
[Child 12992, Chrome_ChildThread] WARNING: pipe error: 109: file z:/build/build/src/ipc/chromium/src/chrome/common/ipc_channel_win.cc, line 346
[Child 12992, Chr
###!!! [Child][MessageChannel::SendAndWait] Error: Channel error: cannot send/recv

1525603546543	geckodriver	INFO	Listening on 127.0.0.1:61063
1525603549638	geckodriver::marionette	INFO	Starting browser \\?\C:\Program Files (x86)\Mozilla Firefox\firefox.exe with args ["-marionette"]
Unable to read VR Path Registry from C:\Users\Uchenna\AppData\Local\openvr\openvrpaths.vrpath
1525603550202	Marionette	INFO	Enabled via --marionette
Unable to read VR Path Registry from C:\Users\Uchenna\AppData\Local\openvr\openvrpaths.vrpath
Unable to read VR Path Registry from C:\Users\Uchenna\AppData\Local\openvr\openvrpaths.vrpath
Unable to read VR Path Registry from C:\Users\Uchenna\AppData\Local\openvr\openvrpaths.vrpath
Unable to read VR Path Registry from C:\Users\Uchenna\AppData\Local\openvr\openvrpaths.vrpath
1525603551820	Marionette	INFO	Listening on port 61075
1525603552764	Marionette	WARN	TLS certificate errors will be ignored for this session
[Child 13424, Chrome_ChildThread] WARNING: pipe error: 109: file z:/build/build/src/ipc/chromium/src/chrome/common/ipc_[Child 13924, Chrome_ChildThread] WARNING: pipe error: 109: file zc:hannel_win.cc, line 346/
build/build/src/ipc/chromium/src/chrome/common/ipc_channel_win.cc, line 346
[Child 13924, Chrome_ChildThread] WARNING: pipe error: 109: file z:/build/build/src/ipc/chromium[Parent 13644, Gecko_IOThread] WARNING: pipe error: 109: file z:/build/build/src/ipc/chromium/src/chrome/common/ipc_channel_win.cc, line 346

###!!! [Child][MessageChannel::SendAndWait] Error: Channel error: cannot send/recv

1525605214103	geckodriver	INFO	Listening on 127.0.0.1:63399
1525605217199	geckodriver::marionette	INFO	Starting browser \\?\C:\Program Files (x86)\Mozilla Firefox\firefox.exe with args ["-marionette"]
Unable to read VR Path Registry from C:\Users\Uchenna\AppData\Local\openvr\openvrpaths.vrpath
1525605217856	Marionette	INFO	Enabled via --marionette
Unable to read VR Path Registry from C:\Users\Uchenna\AppData\Local\openvr\openvrpaths.vrpath
Unable to read VR Path Registry from C:\Users\Uchenna\AppData\Local\openvr\openvrpaths.vrpath
Unable to read VR Path Registry from C:\Users\Uchenna\AppData\Local\openvr\openvrpaths.vrpath
Unable to read VR Path Registry from C:\Users\Uchenna\AppData\Local\openvr\openvrpaths.vrpath
1525605219448	Marionette	INFO	Listening on port 63411
1525605220322	Marionette	WARN	TLS certificate errors will be ignored for this session
[Child 11520, Chrome_ChildThread] WARNING: pipe error: 109: file z:/build/build/src/ipc/chromium/src/chrome/common/ipc_channel_win.cc, line 346
[Child 11520, Chrome_Child[Child 1868, Chrome_ChildThread] WARNING: pipe error: 109: file z:/build/build/src/ipc/chromium/src/chrome/common/ipc_channel_win.cc, line 346
[Child 1868, Chrome_ChildThread] WARNING: pipe error: 109: file z:/build/buil
###!!! [Child][MessageChannel::SendAndWait] Error: Channel error: cannot send/recv

rom C:\Users\Uchenna\AppData\Local\openvr\openvrpaths.vrpath
Unable to read VR Path Registry from C:\Users\Uchenna\AppData\Local\openvr\openvrpaths.vrpath
Unable to read VR Path Registry from C:\Users\Uchenna\AppData\Local\openvr\openvrpaths.vrpath
1525605831084	Marionette	INFO	Listening on port 64348
1525605832012	Marionette	WARN	TLS certificate errors will be ignored for this session
[Parent 7264, Gecko_IOThread] WARNING: pipe error: 109: file z:/build/build/src/ipc/chromium/src/chrome/common/ipc_channel_win.cc, line 346
[Parent 7264, Gecko_IOThread] WARNING: pipe error: 109: file z:/build/build/src/ipc/chromium/src/chrome/common/ipc_channel_win.cc, line 346
[Child 10740, Chrome_ChildThread] WARNING: pipe error: 109: file z:/build/build/src/ipc/chromium/src/chrome/common/ipc_channel_win.cc, line 346
[Child 10740, [Child 4272, Chrome_ChildThread] WARNING: pipe error: 109: file z:/build/build/src/ipc/chromium/src/chrome/common/ipc_channel_win.cc, line 346
[Child 4272, Chro[Parent 7264, Gecko_IOThread] WARNING: pipe error: 109: file z:/build/build/src/ipc/chromium/src/chrome/common/ipc_channel_win.cc, line 346

###!!! [Child][MessageChannel::SendAndWait] Error: Channel error: cannot send/recv

e errors will be ignored for this session
[Parent 13416, Gecko_IOThread] WARNING: pipe error: 109: file z:/build/build/src/ipc/chromium/src/chrome/common/ipc_channel_win.cc, line 346
[Child 12172, Chrome_ChildThread] WARNING: pipe error: 109: file z:/build/build/src/ipc/chromium/src/chrome/common/ipc_channel_win.cc, line 346
[Child 12172, Chrome_ChildTh[Parent 13416, Gecko_IOThread] WARNING: pipe error: 109: file z:/build/build/src/ipc/chromium/src/chrome/common/ipc_channel_win.cc, line 346

###!!! [Child][MessageChannel::SendAndWait] Error: Channel error: cannot send/recv

ble to read VR Path Registry from C:\Users\Uchenna\AppData\Local\openvr\openvrpaths.vrpath
Unable to read VR Path Registry from C:\Users\Uchenna\AppData\Local\openvr\openvrpaths.vrpath
1525606691290	Marionette	INFO	Listening on port 49291
1525606692406	Marionette	WARN	TLS certificate errors will be ignored for this session
[Child 13
###!!! [Child][MessageChannel::SendAndWait] Error: Channel error: cannot send/recv

1525635007463	geckodriver	INFO	Listening on 127.0.0.1:54998
1525635010636	geckodriver::marionette	INFO	Starting browser \\?\C:\Program Files (x86)\Mozilla Firefox\firefox.exe with args ["-marionette"]
Unable to read VR Path Registry from C:\Users\Uchenna\AppData\Local\openvr\openvrpaths.vrpath
1525635011314	Marionette	INFO	Enabled via --marionette
Unable to read VR Path Registry from C:\Users\Uchenna\AppData\Local\openvr\openvrpaths.vrpath
Unable to read VR Path Registry from C:\Users\Uchenna\AppData\Local\openvr\openvrpaths.vrpath
Unable to read VR Path Registry from C:\Users\Uchenna\AppData\Local\openvr\openvrpaths.vrpath
Unable to read VR Path Registry from C:\Users\Uchenna\AppData\Local\openvr\openvrpaths.vrpath
1525635012924	Marionette	INFO	Listening on port 55010
1525635013850	Marionette	WARN	TLS certificate errors will be ignored for this session
[Parent 11980, Gecko_IOThread] WARNING: pipe error: 109: file z:/build/build/src/ipc/chromium/src/chrome/common/ipc_channel_win.cc, line 346
[Child 13524, Chrome_ChildThread] WARNING: pipe error: 109: file z:/build/build/src/ipc/chromium/src/chrome/common/ipc_channel_win.cc, line 346
[Child 13524, Chrome_ChildThread] WARNING: pipe error: 109: file z:/[Parent 11980, Gecko_IOThread] WARNING: pipe error: 109: file z:/build/build/src/ipc/chromium/src/chrome/common/ipc_channel_win.cc, line 346

###!!! [Child][MessageChannel::SendAndWait] Error: Channel error: cannot send/recv

rs\Uchenna\AppData\Local\openvr\openvrpaths.vrpath
Unable to read VR Path Registry from C:\Users\Uchenna\AppData\Local\openvr\openvrpaths.vrpath
1525635981824	Marionette	INFO	Listening on port 56380
1525635982928	Marionette	WARN	TLS certificate errors will be ignored for this session
1525636184563	geckodriver	INFO	Listening on 127.0.0.1:63345
1525636187676	geckodriver::marionette	INFO	Starting browser \\?\C:\Program Files (x86)\Mozilla Firefox\firefox.exe with args ["-marionette"]
Unable to read VR Path Registry from C:\Users\Uchenna\AppData\Local\openvr\openvrpaths.vrpath
1525636188224	Marionette	INFO	Enabled via --marionette
Unable to read VR Path Registry from C:\Users\Uchenna\AppData\Local\openvr\openvrpaths.vrpath
Unable to read VR Path Registry from C:\Users\Uchenna\AppData\Local\openvr\openvrpaths.vrpath
Unable to read VR Path Registry from C:\Users\Uchenna\AppData\Local\openvr\openvrpaths.vrpath
Unable to read VR Path Registry from C:\Users\Uchenna\AppData\Local\openvr\openvrpaths.vrpath
1525636189730	Marionette	INFO	Listening on port 63357
1525636189768	Marionette	WARN	TLS certificate errors will be ignored for this session
[Parent 12796, Gecko_IOThread] WARNING: pipe error: 109: file z:/build/build/src/ipc/chromium/src/chrome/common/ipc_channel_win.cc, line 346
[Child 9532, Chrome_ChildTh
###!!! [Child][MessageChannel::SendAndWait] Error: Channel error: cannot send/recv

1525636374378	geckodriver	INFO	Listening on 127.0.0.1:61376
1525636377593	geckodriver::marionette	INFO	Starting browser \\?\C:\Program Files (x86)\Mozilla Firefox\firefox.exe with args ["-marionette"]
Unable to read VR Path Registry from C:\Users\Uchenna\AppData\Local\openvr\openvrpaths.vrpath
1525636378120	Marionette	INFO	Enabled via --marionette
Unable to read VR Path Registry from C:\Users\Uchenna\AppData\Local\openvr\openvrpaths.vrpath
Unable to read VR Path Registry from C:\Users\Uchenna\AppData\Local\openvr\openvrpaths.vrpath
Unable to read VR Path Registry from C:\Users\Uchenna\AppData\Local\openvr\openvrpaths.vrpath
Unable to read VR Path Registry from C:\Users\Uchenna\AppData\Local\openvr\openvrpaths.vrpath
1525636379632	Marionette	INFO	Listening on port 61388
1525636379660	Marionette	WARN	TLS certificate errors will be ignored for this session
[Child 13632, Chrome_ChildThread] WARNING: pipe error: 109: file z:/build/build/src/ipc/chromium/src/chrome/common/ipc_channel_win.cc, line 346
[Child 13632, Chrome_Ch
###!!! [Child][MessageChannel::SendAndWait] Error: Channel error: cannot send/recv

ppData\Local\openvr\openvrpaths.vrpath
1525636515592	Marionette	INFO	Enabled via --marionette
Unable to read VR Path Registry from C:\Users\Uchenna\AppData\Local\openvr\openvrpaths.vrpath
Unable to read VR Path Registry from C:\Users\Uchenna\AppData\Local\openvr\openvrpaths.vrpath
Unable to read VR Path Registry from C:\Users\Uchenna\AppData\Local\openvr\openvrpaths.vrpath
Unable to read VR Path Registry from C:\Users\Uchenna\AppData\Local\openvr\openvrpaths.vrpath
1525636517180	Marionette	INFO	Listening on port 61653
1525636518192	Marionette	WARN	TLS certificate errors will be ignored for this session
[Parent 7000, Gecko_IOThread] WARNING: pipe error: 109: file z:/build/build/src/ipc/chromium/src/chrome/common/ipc_channel_win.cc, line 346
[Child 10980, Chrome_ChildThread] WARNING: pipe error: 109: file z:/build/build/src/ipc/chromium/src/chrome/common/ipc_channel_win.cc, line 346
[Child 10980, Chro[Child 9400, Chrome_ChildThread] WARNING: pipe error: 109: file z:/build/build/src/ipc
###!!! [Child][MessageChannel::SendAndWait] Error: Channel error: cannot send/recv

1525636717919	geckodriver::marionette	ERROR	Failed to kill browser process
1525637400854	geckodriver	INFO	Listening on 127.0.0.1:63095
1525637404009	geckodriver::marionette	INFO	Starting browser \\?\C:\Program Files (x86)\Mozilla Firefox\firefox.exe with args ["-marionette"]
Unable to read VR Path Registry from C:\Users\Uchenna\AppData\Local\openvr\openvrpaths.vrpath
1525637404542	Marionette	INFO	Enabled via --marionette
Unable to read VR Path Registry from C:\Users\Uchenna\AppData\Local\openvr\openvrpaths.vrpath
Unable to read VR Path Registry from C:\Users\Uchenna\AppData\Local\openvr\openvrpaths.vrpath
Unable to read VR Path Registry from C:\Users\Uchenna\AppData\Local\openvr\openvrpaths.vrpath
Unable to read VR Path Registry from C:\Users\Uchenna\AppData\Local\openvr\openvrpaths.vrpath
1525637406072	Marionette	INFO	Listening on port 63107
1525637407152	Marionette	WARN	TLS certificate errors will be ignored for this session
1525639262712	geckodriver	INFO	Listening on 127.0.0.1:49512
1525639265818	geckodriver::marionette	INFO	Starting browser \\?\C:\Program Files (x86)\Mozilla Firefox\firefox.exe with args ["-marionette"]
Unable to read VR Path Registry from C:\Users\Uchenna\AppData\Local\openvr\openvrpaths.vrpath
1525639266428	Marionette	INFO	Enabled via --marionette
Unable to read VR Path Registry from C:\Users\Uchenna\AppData\Local\openvr\openvrpaths.vrpath
Unable to read VR Path Registry from C:\Users\Uchenna\AppData\Local\openvr\openvrpaths.vrpath
Unable to read VR Path Registry from C:\Users\Uchenna\AppData\Local\openvr\openvrpaths.vrpath
Unable to read VR Path Registry from C:\Users\Uchenna\AppData\Local\openvr\openvrpaths.vrpath
1525639268070	Marionette	INFO	Listening on port 49524
1525639268984	Marionette	WARN	TLS certificate errors will be ignored for this session
